# JRE version: OpenJDK Runtime Environment (11.0.10) (build 11.0.10+0-b96-7249189)
# Java VM: OpenJDK 64-Bit Server VM (11.0.10+0-b96-7249189, mixed mode, tiered, compressed oops, g1 gc, linux-amd64)
Heap:
 garbage-first heap   total 348160K, used 287584K [0x0000000080000000, 0x0000000100000000)
  region size 1024K, 65 young (66560K), 7 survivors (7168K)
 Metaspace       used 171509K, capacity 178301K, committed 188760K, reserved 1212416K
  class space    used 20803K, capacity 23236K, committed 25216K, reserved 1048576K
GC Heap History (20 events):
Event: 27881,094 GC heap before
{Heap before GC invocations=160 (full 4):
 garbage-first heap   total 348160K, used 286105K [0x0000000080000000, 0x0000000100000000)
  region size 1024K, 80 young (81920K), 2 survivors (2048K)
 Metaspace       used 177238K, capacity 184209K, committed 188760K, reserved 1212416K
  class space    used 21417K, capacity 23909K, committed 25216K, reserved 1048576K
}
Event: 27881,101 GC heap after
{Heap after GC invocations=161 (full 4):
 garbage-first heap   total 348160K, used 206345K [0x0000000080000000, 0x0000000100000000)
  region size 1024K, 2 young (2048K), 2 survivors (2048K)
 Metaspace       used 177238K, capacity 184209K, committed 188760K, reserved 1212416K
  class space    used 21417K, capacity 23909K, committed 25216K, reserved 1048576K
}
Event: 27881,342 GC heap before
{Heap before GC invocations=161 (full 4):
 garbage-first heap   total 348160K, used 288265K [0x0000000080000000, 0x0000000100000000)
  region size 1024K, 82 young (83968K), 2 survivors (2048K)
 Metaspace       used 177245K, capacity 184209K, committed 188760K, reserved 1212416K
  class space    used 21417K, capacity 23909K, committed 25216K, reserved 1048576K
}
Event: 27881,350 GC heap after
{Heap after GC invocations=162 (full 4):
 garbage-first heap   total 348160K, used 207548K [0x0000000080000000, 0x0000000100000000)
  region size 1024K, 3 young (3072K), 3 survivors (3072K)
 Metaspace       used 177245K, capacity 184209K, committed 188760K, reserved 1212416K
  class space    used 21417K, capacity 23909K, committed 25216K, reserved 1048576K
}
Event: 27881,592 GC heap before
{Heap before GC invocations=162 (full 4):
 garbage-first heap   total 348160K, used 290492K [0x0000000080000000, 0x0000000100000000)
  region size 1024K, 84 young (86016K), 3 survivors (3072K)
 Metaspace       used 177246K, capacity 184209K, committed 188760K, reserved 1212416K
  class space    used 21417K, capacity 23909K, committed 25216K, reserved 1048576K
}
Event: 27881,599 GC heap after
{Heap after GC invocations=163 (full 4):
 garbage-first heap   total 348160K, used 208770K [0x0000000080000000, 0x0000000100000000)
  region size 1024K, 5 young (5120K), 5 survivors (5120K)
 Metaspace       used 177246K, capacity 184209K, committed 188760K, reserved 1212416K
  class space    used 21417K, capacity 23909K, committed 25216K, reserved 1048576K
}
Event: 27881,766 GC heap before
{Heap before GC invocations=163 (full 4):
 garbage-first heap   total 348160K, used 291714K [0x0000000080000000, 0x0000000100000000)
  region size 1024K, 86 young (88064K), 5 survivors (5120K)
 Metaspace       used 177246K, capacity 184209K, committed 188760K, reserved 1212416K
  class space    used 21417K, capacity 23909K, committed 25216K, reserved 1048576K
}
Event: 27881,775 GC heap after
{Heap after GC invocations=164 (full 4):
 garbage-first heap   total 348160K, used 209568K [0x0000000080000000, 0x0000000100000000)
  region size 1024K, 5 young (5120K), 5 survivors (5120K)
 Metaspace       used 177246K, capacity 184209K, committed 188760K, reserved 1212416K
  class space    used 21417K, capacity 23909K, committed 25216K, reserved 1048576K
}
Event: 27882,004 GC heap before
{Heap before GC invocations=164 (full 4):
 garbage-first heap   total 348160K, used 293536K [0x0000000080000000, 0x0000000100000000)
  region size 1024K, 87 young (89088K), 5 survivors (5120K)
 Metaspace       used 177246K, capacity 184209K, committed 188760K, reserved 1212416K
  class space    used 21417K, capacity 23909K, committed 25216K, reserved 1048576K
}
Event: 27882,014 GC heap after
{Heap after GC invocations=165 (full 4):
 garbage-first heap   total 348160K, used 210841K [0x0000000080000000, 0x0000000100000000)
  region size 1024K, 7 young (7168K), 7 survivors (7168K)
 Metaspace       used 177246K, capacity 184209K, committed 188760K, reserved 1212416K
  class space    used 21417K, capacity 23909K, committed 25216K, reserved 1048576K
}
Event: 27882,202 GC heap before
{Heap before GC invocations=165 (full 4):
 garbage-first heap   total 348160K, used 294809K [0x0000000080000000, 0x0000000100000000)
  region size 1024K, 89 young (91136K), 7 survivors (7168K)
 Metaspace       used 177249K, capacity 184211K, committed 188760K, reserved 1212416K
  class space    used 21418K, capacity 23910K, committed 25216K, reserved 1048576K
}
Event: 27882,209 GC heap after
{Heap after GC invocations=166 (full 4):
 garbage-first heap   total 348160K, used 211782K [0x0000000080000000, 0x0000000100000000)
  region size 1024K, 8 young (8192K), 8 survivors (8192K)
 Metaspace       used 177249K, capacity 184211K, committed 188760K, reserved 1212416K
  class space    used 21418K, capacity 23910K, committed 25216K, reserved 1048576K
}
Event: 27882,391 GC heap before
{Heap before GC invocations=166 (full 4):
 garbage-first heap   total 348160K, used 296774K [0x0000000080000000, 0x0000000100000000)
  region size 1024K, 91 young (93184K), 8 survivors (8192K)
 Metaspace       used 177249K, capacity 184211K, committed 188760K, reserved 1212416K
  class space    used 21418K, capacity 23910K, committed 25216K, reserved 1048576K
}
Event: 27882,400 GC heap after
{Heap after GC invocations=167 (full 4):
 garbage-first heap   total 348160K, used 212974K [0x0000000080000000, 0x0000000100000000)
  region size 1024K, 8 young (8192K), 8 survivors (8192K)
 Metaspace       used 177249K, capacity 184211K, committed 188760K, reserved 1212416K
  class space    used 21418K, capacity 23910K, committed 25216K, reserved 1048576K
}
Event: 27882,597 GC heap before
{Heap before GC invocations=167 (full 4):
 garbage-first heap   total 348160K, used 297966K [0x0000000080000000, 0x0000000100000000)
  region size 1024K, 91 young (93184K), 8 survivors (8192K)
 Metaspace       used 177249K, capacity 184211K, committed 188760K, reserved 1212416K
  class space    used 21418K, capacity 23910K, committed 25216K, reserved 1048576K
}
Event: 27882,609 GC heap after
{Heap after GC invocations=168 (full 4):
 garbage-first heap   total 348160K, used 213893K [0x0000000080000000, 0x0000000100000000)
  region size 1024K, 7 young (7168K), 7 survivors (7168K)
 Metaspace       used 177249K, capacity 184211K, committed 188760K, reserved 1212416K
  class space    used 21418K, capacity 23910K, committed 25216K, reserved 1048576K
}
Event: 27882,820 GC heap before
{Heap before GC invocations=168 (full 4):
 garbage-first heap   total 348160K, used 298885K [0x0000000080000000, 0x0000000100000000)
  region size 1024K, 90 young (92160K), 7 survivors (7168K)
 Metaspace       used 177272K, capacity 184232K, committed 188760K, reserved 1212416K
  class space    used 21423K, capacity 23917K, committed 25216K, reserved 1048576K
}
Event: 27882,829 GC heap after
{Heap after GC invocations=169 (full 4):
 garbage-first heap   total 348160K, used 214565K [0x0000000080000000, 0x0000000100000000)
  region size 1024K, 7 young (7168K), 7 survivors (7168K)
 Metaspace       used 177272K, capacity 184232K, committed 188760K, reserved 1212416K
  class space    used 21423K, capacity 23917K, committed 25216K, reserved 1048576K
}
Event: 27883,036 GC heap before
{Heap before GC invocations=169 (full 4):
 garbage-first heap   total 348160K, used 274981K [0x0000000080000000, 0x0000000100000000)
  region size 1024K, 60 young (61440K), 7 survivors (7168K)
 Metaspace       used 177279K, capacity 184235K, committed 188760K, reserved 1212416K
  class space    used 21424K, capacity 23918K, committed 25216K, reserved 1048576K
}
Event: 27883,059 GC heap after
{Heap after GC invocations=170 (full 4):
 garbage-first heap   total 348160K, used 214880K [0x0000000080000000, 0x0000000100000000)
  region size 1024K, 7 young (7168K), 7 survivors (7168K)
 Metaspace       used 177279K, capacity 184235K, committed 188760K, reserved 1212416K
  class space    used 21424K, capacity 23918K, committed 25216K, reserved 1048576K
}

